  GameState.cpp
E:\Desktop\CPPCoursework2021\src\Passenger.h(17,33): warning C4244: 'argument': conversion from 'double' to 'int', possible loss of data
E:\Desktop\CPPCoursework2021\src\Passenger.h(17,23): warning C4244: 'argument': conversion from 'double' to 'int', possible loss of data
E:\Desktop\CPPCoursework2021\src\Train.h(37,33): warning C4244: 'argument': conversion from 'double' to 'int', possible loss of data
E:\Desktop\CPPCoursework2021\src\Train.h(37,23): warning C4244: 'argument': conversion from 'double' to 'int', possible loss of data
  InstructionState.cpp
E:\Desktop\CPPCoursework2021\src\Passenger.h(17,33): warning C4244: 'argument': conversion from 'double' to 'int', possible loss of data
E:\Desktop\CPPCoursework2021\src\Passenger.h(17,23): warning C4244: 'argument': conversion from 'double' to 'int', possible loss of data
E:\Desktop\CPPCoursework2021\src\Train.h(37,33): warning C4244: 'argument': conversion from 'double' to 'int', possible loss of data
E:\Desktop\CPPCoursework2021\src\Train.h(37,23): warning C4244: 'argument': conversion from 'double' to 'int', possible loss of data
  StationMap.cpp
E:\Desktop\CPPCoursework2021\src\Passenger.h(17,33): warning C4244: 'argument': conversion from 'double' to 'int', possible loss of data
E:\Desktop\CPPCoursework2021\src\Passenger.h(17,23): warning C4244: 'argument': conversion from 'double' to 'int', possible loss of data
  Train.cpp
E:\Desktop\CPPCoursework2021\src\Passenger.h(17,33): warning C4244: 'argument': conversion from 'double' to 'int', possible loss of data
E:\Desktop\CPPCoursework2021\src\Passenger.h(17,23): warning C4244: 'argument': conversion from 'double' to 'int', possible loss of data
E:\Desktop\CPPCoursework2021\src\Train.h(37,33): warning C4244: 'argument': conversion from 'double' to 'int', possible loss of data
E:\Desktop\CPPCoursework2021\src\Train.h(37,23): warning C4244: 'argument': conversion from 'double' to 'int', possible loss of data
E:\Desktop\CPPCoursework2021\src\Train.cpp(213,22): warning C4244: '=': conversion from 'double' to 'int', possible loss of data
E:\Desktop\CPPCoursework2021\src\Train.cpp(214,22): warning C4244: '=': conversion from 'double' to 'int', possible loss of data
E:\Desktop\CPPCoursework2021\src\Train.cpp(306,22): warning C4244: '=': conversion from 'double' to 'int', possible loss of data
E:\Desktop\CPPCoursework2021\src\Train.cpp(307,22): warning C4244: '=': conversion from 'double' to 'int', possible loss of data
E:\Desktop\CPPCoursework2021\src\Train.cpp(362,105): warning C4244: 'argument': conversion from 'double' to 'int', possible loss of data
E:\Desktop\CPPCoursework2021\src\Train.cpp(362,47): warning C4244: 'argument': conversion from 'double' to 'int', possible loss of data
E:\Desktop\CPPCoursework2021\src\Train.cpp(361,109): warning C4244: 'argument': conversion from 'double' to 'int', possible loss of data
E:\Desktop\CPPCoursework2021\src\Train.cpp(361,62): warning C4244: 'argument': conversion from 'double' to 'int', possible loss of data
E:\Desktop\CPPCoursework2021\src\Train.cpp(368,105): warning C4244: 'argument': conversion from 'double' to 'int', possible loss of data
E:\Desktop\CPPCoursework2021\src\Train.cpp(368,47): warning C4244: 'argument': conversion from 'double' to 'int', possible loss of data
E:\Desktop\CPPCoursework2021\src\Train.cpp(367,109): warning C4244: 'argument': conversion from 'double' to 'int', possible loss of data
E:\Desktop\CPPCoursework2021\src\Train.cpp(367,62): warning C4244: 'argument': conversion from 'double' to 'int', possible loss of data
E:\Desktop\CPPCoursework2021\src\Train.cpp(377,105): warning C4244: 'argument': conversion from 'double' to 'int', possible loss of data
E:\Desktop\CPPCoursework2021\src\Train.cpp(377,47): warning C4244: 'argument': conversion from 'double' to 'int', possible loss of data
E:\Desktop\CPPCoursework2021\src\Train.cpp(376,105): warning C4244: 'argument': conversion from 'double' to 'int', possible loss of data
E:\Desktop\CPPCoursework2021\src\Train.cpp(376,47): warning C4244: 'argument': conversion from 'double' to 'int', possible loss of data
E:\Desktop\CPPCoursework2021\src\Train.cpp(383,105): warning C4244: 'argument': conversion from 'double' to 'int', possible loss of data
E:\Desktop\CPPCoursework2021\src\Train.cpp(383,47): warning C4244: 'argument': conversion from 'double' to 'int', possible loss of data
E:\Desktop\CPPCoursework2021\src\Train.cpp(382,105): warning C4244: 'argument': conversion from 'double' to 'int', possible loss of data
E:\Desktop\CPPCoursework2021\src\Train.cpp(382,47): warning C4244: 'argument': conversion from 'double' to 'int', possible loss of data
E:\Desktop\CPPCoursework2021\src\Train.cpp(443,79): warning C4244: 'argument': conversion from 'double' to 'int', possible loss of data
E:\Desktop\CPPCoursework2021\src\Train.cpp(443,23): warning C4244: 'argument': conversion from 'double' to 'int', possible loss of data
E:\Desktop\CPPCoursework2021\src\Train.cpp(442,79): warning C4244: 'argument': conversion from 'double' to 'int', possible loss of data
E:\Desktop\CPPCoursework2021\src\Train.cpp(442,23): warning C4244: 'argument': conversion from 'double' to 'int', possible loss of data
E:\Desktop\CPPCoursework2021\src\Train.cpp(441,70): warning C4244: 'argument': conversion from 'double' to 'int', possible loss of data
E:\Desktop\CPPCoursework2021\src\Train.cpp(441,23): warning C4244: 'argument': conversion from 'double' to 'int', possible loss of data
E:\Desktop\CPPCoursework2021\src\Train.cpp(450,79): warning C4244: 'argument': conversion from 'double' to 'int', possible loss of data
E:\Desktop\CPPCoursework2021\src\Train.cpp(450,23): warning C4244: 'argument': conversion from 'double' to 'int', possible loss of data
E:\Desktop\CPPCoursework2021\src\Train.cpp(449,79): warning C4244: 'argument': conversion from 'double' to 'int', possible loss of data
E:\Desktop\CPPCoursework2021\src\Train.cpp(449,23): warning C4244: 'argument': conversion from 'double' to 'int', possible loss of data
E:\Desktop\CPPCoursework2021\src\Train.cpp(448,70): warning C4244: 'argument': conversion from 'double' to 'int', possible loss of data
E:\Desktop\CPPCoursework2021\src\Train.cpp(448,23): warning C4244: 'argument': conversion from 'double' to 'int', possible loss of data
E:\Desktop\CPPCoursework2021\src\Train.cpp(460,79): warning C4244: 'argument': conversion from 'double' to 'int', possible loss of data
E:\Desktop\CPPCoursework2021\src\Train.cpp(460,23): warning C4244: 'argument': conversion from 'double' to 'int', possible loss of data
E:\Desktop\CPPCoursework2021\src\Train.cpp(459,79): warning C4244: 'argument': conversion from 'double' to 'int', possible loss of data
E:\Desktop\CPPCoursework2021\src\Train.cpp(459,23): warning C4244: 'argument': conversion from 'double' to 'int', possible loss of data
E:\Desktop\CPPCoursework2021\src\Train.cpp(458,70): warning C4244: 'argument': conversion from 'double' to 'int', possible loss of data
E:\Desktop\CPPCoursework2021\src\Train.cpp(458,23): warning C4244: 'argument': conversion from 'double' to 'int', possible loss of data
E:\Desktop\CPPCoursework2021\src\Train.cpp(467,79): warning C4244: 'argument': conversion from 'double' to 'int', possible loss of data
E:\Desktop\CPPCoursework2021\src\Train.cpp(467,23): warning C4244: 'argument': conversion from 'double' to 'int', possible loss of data
E:\Desktop\CPPCoursework2021\src\Train.cpp(466,79): warning C4244: 'argument': conversion from 'double' to 'int', possible loss of data
E:\Desktop\CPPCoursework2021\src\Train.cpp(466,23): warning C4244: 'argument': conversion from 'double' to 'int', possible loss of data
E:\Desktop\CPPCoursework2021\src\Train.cpp(465,70): warning C4244: 'argument': conversion from 'double' to 'int', possible loss of data
E:\Desktop\CPPCoursework2021\src\Train.cpp(465,23): warning C4244: 'argument': conversion from 'double' to 'int', possible loss of data
E:\Desktop\CPPCoursework2021\src\Train.cpp(517,79): warning C4244: 'argument': conversion from 'double' to 'int', possible loss of data
E:\Desktop\CPPCoursework2021\src\Train.cpp(517,23): warning C4244: 'argument': conversion from 'double' to 'int', possible loss of data
E:\Desktop\CPPCoursework2021\src\Train.cpp(516,79): warning C4244: 'argument': conversion from 'double' to 'int', possible loss of data
E:\Desktop\CPPCoursework2021\src\Train.cpp(516,23): warning C4244: 'argument': conversion from 'double' to 'int', possible loss of data
E:\Desktop\CPPCoursework2021\src\Train.cpp(515,70): warning C4244: 'argument': conversion from 'double' to 'int', possible loss of data
E:\Desktop\CPPCoursework2021\src\Train.cpp(515,23): warning C4244: 'argument': conversion from 'double' to 'int', possible loss of data
E:\Desktop\CPPCoursework2021\src\Train.cpp(524,79): warning C4244: 'argument': conversion from 'double' to 'int', possible loss of data
E:\Desktop\CPPCoursework2021\src\Train.cpp(524,23): warning C4244: 'argument': conversion from 'double' to 'int', possible loss of data
E:\Desktop\CPPCoursework2021\src\Train.cpp(523,79): warning C4244: 'argument': conversion from 'double' to 'int', possible loss of data
E:\Desktop\CPPCoursework2021\src\Train.cpp(523,23): warning C4244: 'argument': conversion from 'double' to 'int', possible loss of data
E:\Desktop\CPPCoursework2021\src\Train.cpp(522,70): warning C4244: 'argument': conversion from 'double' to 'int', possible loss of data
E:\Desktop\CPPCoursework2021\src\Train.cpp(522,23): warning C4244: 'argument': conversion from 'double' to 'int', possible loss of data
E:\Desktop\CPPCoursework2021\src\Train.cpp(534,79): warning C4244: 'argument': conversion from 'double' to 'int', possible loss of data
E:\Desktop\CPPCoursework2021\src\Train.cpp(534,23): warning C4244: 'argument': conversion from 'double' to 'int', possible loss of data
E:\Desktop\CPPCoursework2021\src\Train.cpp(533,79): warning C4244: 'argument': conversion from 'double' to 'int', possible loss of data
E:\Desktop\CPPCoursework2021\src\Train.cpp(533,23): warning C4244: 'argument': conversion from 'double' to 'int', possible loss of data
E:\Desktop\CPPCoursework2021\src\Train.cpp(532,70): warning C4244: 'argument': conversion from 'double' to 'int', possible loss of data
E:\Desktop\CPPCoursework2021\src\Train.cpp(532,23): warning C4244: 'argument': conversion from 'double' to 'int', possible loss of data
E:\Desktop\CPPCoursework2021\src\Train.cpp(541,79): warning C4244: 'argument': conversion from 'double' to 'int', possible loss of data
E:\Desktop\CPPCoursework2021\src\Train.cpp(541,23): warning C4244: 'argument': conversion from 'double' to 'int', possible loss of data
E:\Desktop\CPPCoursework2021\src\Train.cpp(540,79): warning C4244: 'argument': conversion from 'double' to 'int', possible loss of data
E:\Desktop\CPPCoursework2021\src\Train.cpp(540,23): warning C4244: 'argument': conversion from 'double' to 'int', possible loss of data
E:\Desktop\CPPCoursework2021\src\Train.cpp(539,70): warning C4244: 'argument': conversion from 'double' to 'int', possible loss of data
E:\Desktop\CPPCoursework2021\src\Train.cpp(539,23): warning C4244: 'argument': conversion from 'double' to 'int', possible loss of data
E:\Microsoft Visual Studio\2019\Community\VC\Tools\MSVC\14.29.30133\include\xmemory(714,47): warning C4244: 'initializing': conversion from '_Ty' to '_Objty', possible loss of data
          with
          [
              _Ty=double
          ]
          and
          [
              _Objty=int
          ]
E:\Microsoft Visual Studio\2019\Community\VC\Tools\MSVC\14.29.30133\include\vector(726): message : see reference to function template instantiation 'void std::_Default_allocator_traits<_Alloc>::construct<_Ty,double>(_Alloc &,_Objty *const ,double &&)' being compiled
          with
          [
              _Alloc=std::allocator<int>,
              _Ty=int,
              _Objty=int
          ]
E:\Microsoft Visual Studio\2019\Community\VC\Tools\MSVC\14.29.30133\include\vector(726): message : see reference to function template instantiation 'void std::_Default_allocator_traits<_Alloc>::construct<_Ty,double>(_Alloc &,_Objty *const ,double &&)' being compiled
          with
          [
              _Alloc=std::allocator<int>,
              _Ty=int,
              _Objty=int
          ]
E:\Microsoft Visual Studio\2019\Community\VC\Tools\MSVC\14.29.30133\include\vector(744): message : see reference to function template instantiation 'void std::vector<int,std::allocator<int>>::_Emplace_back_with_unused_capacity<_Ty>(_Ty &&)' being compiled
          with
          [
              _Ty=double
          ]
E:\Desktop\CPPCoursework2021\src\Train.cpp(84): message : see reference to function template instantiation 'void std::vector<int,std::allocator<int>>::emplace_back<double>(double &&)' being compiled
  mainfunction.cpp
E:\Desktop\CPPCoursework2021\src\Passenger.h(17,33): warning C4244: 'argument': conversion from 'double' to 'int', possible loss of data
E:\Desktop\CPPCoursework2021\src\Passenger.h(17,23): warning C4244: 'argument': conversion from 'double' to 'int', possible loss of data
E:\Desktop\CPPCoursework2021\src\Train.h(37,33): warning C4244: 'argument': conversion from 'double' to 'int', possible loss of data
E:\Desktop\CPPCoursework2021\src\Train.h(37,23): warning C4244: 'argument': conversion from 'double' to 'int', possible loss of data
  Generating Code...
  CourseworkBase.vcxproj -> E:\Desktop\CPPCoursework2021\Debug\CourseworkBase2020.exe
