e:\desktop\cppcoursework2021\debug\courseworkbase2020.bsc
e:\desktop\cppcoursework2021\debug\vc142.pdb
e:\desktop\cppcoursework2021\debug\chooselevelstate.sbr
e:\desktop\cppcoursework2021\debug\gameoverstate.sbr
e:\desktop\cppcoursework2021\debug\gamestate.sbr
e:\desktop\cppcoursework2021\debug\highscorestate.sbr
e:\desktop\cppcoursework2021\debug\instructionstate.sbr
e:\desktop\cppcoursework2021\debug\passenger.sbr
e:\desktop\cppcoursework2021\debug\rail.sbr
e:\desktop\cppcoursework2021\debug\scyyz12engine2.sbr
e:\desktop\cppcoursework2021\debug\part1object.sbr
e:\desktop\cppcoursework2021\debug\draggingdemo.sbr
e:\desktop\cppcoursework2021\debug\drawingsurface.sbr
e:\desktop\cppcoursework2021\debug\flashingdemo.sbr
e:\desktop\cppcoursework2021\debug\imagemappingdemo.sbr
e:\desktop\cppcoursework2021\debug\mainfunction.sbr
e:\desktop\cppcoursework2021\debug\baseengine.sbr
e:\desktop\cppcoursework2021\debug\displayableobject.sbr
e:\desktop\cppcoursework2021\debug\fontmanager.sbr
e:\desktop\cppcoursework2021\debug\scyyz12engine.sbr
e:\desktop\cppcoursework2021\debug\mydemoa.sbr
e:\desktop\cppcoursework2021\debug\myobjectb.sbr
e:\desktop\cppcoursework2021\debug\myobjectb.obj
e:\desktop\cppcoursework2021\debug\mydemoa.obj
e:\desktop\cppcoursework2021\debug\scyyz12engine.obj
e:\desktop\cppcoursework2021\debug\fontmanager.obj
e:\desktop\cppcoursework2021\debug\displayableobject.obj
e:\desktop\cppcoursework2021\debug\baseengine.obj
e:\desktop\cppcoursework2021\debug\mainfunction.obj
e:\desktop\cppcoursework2021\debug\imagemappingdemo.obj
e:\desktop\cppcoursework2021\debug\flashingdemo.obj
e:\desktop\cppcoursework2021\debug\drawingsurface.obj
e:\desktop\cppcoursework2021\debug\draggingdemo.obj
e:\desktop\cppcoursework2021\debug\part1object.obj
e:\desktop\cppcoursework2021\debug\scyyz12engine2.obj
e:\desktop\cppcoursework2021\debug\rail.obj
e:\desktop\cppcoursework2021\debug\passenger.obj
e:\desktop\cppcoursework2021\debug\instructionstate.obj
e:\desktop\cppcoursework2021\debug\highscorestate.obj
e:\desktop\cppcoursework2021\debug\gamestate.obj
e:\desktop\cppcoursework2021\debug\gameoverstate.obj
e:\desktop\cppcoursework2021\debug\chooselevelstate.obj
e:\desktop\cppcoursework2021\debug\mytilemanager.sbr
e:\desktop\cppcoursework2021\debug\scyyz12tilemanager.sbr
e:\desktop\cppcoursework2021\debug\simpleimage.sbr
e:\desktop\cppcoursework2021\debug\simpledemo.sbr
e:\desktop\cppcoursework2021\debug\starfielddemo.sbr
e:\desktop\cppcoursework2021\debug\startstate.sbr
e:\desktop\cppcoursework2021\debug\station.sbr
e:\desktop\cppcoursework2021\debug\tilemanager.sbr
e:\desktop\cppcoursework2021\debug\bouncingball.sbr
e:\desktop\cppcoursework2021\debug\bouncingballmain.sbr
e:\desktop\cppcoursework2021\debug\train.sbr
e:\desktop\cppcoursework2021\debug\zoomingdemo.sbr
e:\desktop\cppcoursework2021\debug\zoomingdemo.obj
e:\desktop\cppcoursework2021\debug\train.obj
e:\desktop\cppcoursework2021\debug\bouncingballmain.obj
e:\desktop\cppcoursework2021\debug\bouncingball.obj
e:\desktop\cppcoursework2021\debug\tilemanager.obj
e:\desktop\cppcoursework2021\debug\station.obj
e:\desktop\cppcoursework2021\debug\startstate.obj
e:\desktop\cppcoursework2021\debug\starfielddemo.obj
e:\desktop\cppcoursework2021\debug\simpledemo.obj
e:\desktop\cppcoursework2021\debug\simpleimage.obj
e:\desktop\cppcoursework2021\debug\scyyz12tilemanager.obj
e:\desktop\cppcoursework2021\debug\mytilemanager.obj
e:\desktop\cppcoursework2021\debug\mazedemomain.sbr
e:\desktop\cppcoursework2021\debug\mazedemoobject.sbr
e:\desktop\cppcoursework2021\debug\mazedemotilemanager.sbr
e:\desktop\cppcoursework2021\debug\mazedemotilemanager.obj
e:\desktop\cppcoursework2021\debug\mazedemoobject.obj
e:\desktop\cppcoursework2021\debug\mazedemomain.obj
e:\desktop\cppcoursework2021\debug\courseworkbase2020.ilk
e:\desktop\cppcoursework2021\debug\courseworkbase2020.exe
e:\desktop\cppcoursework2021\src\map
e:\desktop\cppcoursework2021\debug\courseworkbase2020.pdb
e:\desktop\cppcoursework2021\/debug\courseworkbase2020.pdb
e:\desktop\cppcoursework2021\/debug\courseworkbase2020.bsc
e:\desktop\cppcoursework2021\/debug\courseworkbase2020.ilk
e:\desktop\cppcoursework2021\debug\coursewo.63f64093.tlog\bscmake.command.1.tlog
e:\desktop\cppcoursework2021\debug\coursewo.63f64093.tlog\bscmake.read.1.tlog
e:\desktop\cppcoursework2021\debug\coursewo.63f64093.tlog\bscmake.write.1.tlog
e:\desktop\cppcoursework2021\debug\coursewo.63f64093.tlog\cl.command.1.tlog
e:\desktop\cppcoursework2021\debug\coursewo.63f64093.tlog\cl.read.1.tlog
e:\desktop\cppcoursework2021\debug\coursewo.63f64093.tlog\cl.write.1.tlog
e:\desktop\cppcoursework2021\debug\coursewo.63f64093.tlog\link.command.1.tlog
e:\desktop\cppcoursework2021\debug\coursewo.63f64093.tlog\link.read.1.tlog
e:\desktop\cppcoursework2021\debug\coursewo.63f64093.tlog\link.write.1.tlog
